<?xml version="1.0" encoding="UTF-8"?>
<testsuite xmlns:xsi="http://www.w3.org/2001/XMLSchema-instance" xsi:noNamespaceSchemaLocation="https://maven.apache.org/surefire/maven-surefire-plugin/xsd/surefire-test-report.xsd" version="3.0.2" name="com.tyse.scrutiny.micro.notification.channel.EmailNotificationChannelTest" time="0.24" tests="4" errors="0" skipped="0" failures="0">
  <properties>
[...]
</properties>
  <testcase name="isEnabled_shouldReturnTrue" classname="com.tyse.scrutiny.micro.notification.channel.EmailNotificationChannelTest" time="0.192"/>
  <testcase name="getChannelType_shouldReturnEmail" classname="com.tyse.scrutiny.micro.notification.channel.EmailNotificationChannelTest" time="0.001"/>
  <testcase name="send_withNullSubject_shouldUseDefaultSubject" classname="com.tyse.scrutiny.micro.notification.channel.EmailNotificationChannelTest" time="0.034">
    <system-out><![CDATA[2026-02-06T18:12:32.910-05:00  INFO 4036032 --- [tyse-scrutiny-micro-notification-test] [oundedElastic-1] c.t.s.m.n.c.EmailNotificationChannel     : Email sent successfully to recipient@test.com with template genericNotification
]]></system-out>
  </testcase>
  <testcase name="send_shouldProcessTemplateAndSendEmail" classname="com.tyse.scrutiny.micro.notification.channel.EmailNotificationChannelTest" time="0.01">
    <system-out><![CDATA[2026-02-06T18:12:32.920-05:00  INFO 4036032 --- [tyse-scrutiny-micro-notification-test] [oundedElastic-1] c.t.s.m.n.c.EmailNotificationChannel     : Email sent successfully to recipient@test.com with template activationEmail
]]></system-out>
  </testcase>
</testsuite>